<?xml version="1.0" encoding="UTF-8"?>
<!-- Generated by org.testng.reporters.JUnitReportReporter -->
<testsuite hostname="LAPTOP-GL6IC0TT" failures="0" tests="2" name="August19_testNG.Annotations" time="0.014" errors="0" timestamp="2025-08-19T12:14:56 IST" skipped="0">
  <testcase classname="August19_testNG.Annotations" name="DisplayTest1" time="0.005"/>
  <testcase classname="August19_testNG.Annotations" name="DisplayTest" time="0.009"/>
</testsuite> <!-- August19_testNG.Annotations -->
