<?xml version="1.0" encoding="UTF-8"?>
<!-- Generated by org.testng.reporters.JUnitReportReporter -->
<testsuite hostname="LAPTOP-GL6IC0TT" failures="0" tests="2" name="LabSession_August19.ListnerTestCase" time="12.497" errors="0" timestamp="2025-08-25T09:08:06 IST" skipped="0">
  <testcase classname="LabSession_August19.ListnerTestCase" name="ValidLogin" time="8.462"/>
  <testcase classname="LabSession_August19.ListnerTestCase" name="InValidLogin" time="4.035"/>
</testsuite> <!-- LabSession_August19.ListnerTestCase -->
