<?xml version="1.0" encoding="UTF-8"?>
<!-- Generated by org.testng.reporters.JUnitReportReporter -->
<testsuite hostname="LAPTOP-GL6IC0TT" failures="0" tests="1" name="August19_testNG.TestNG_ListnerTestcase" time="17.676" errors="0" timestamp="2025-08-19T11:38:43 IST" skipped="0">
  <testcase classname="August19_testNG.TestNG_ListnerTestcase" name="testlogin" time="17.676"/>
</testsuite> <!-- August19_testNG.TestNG_ListnerTestcase -->
