<?xml version="1.0" encoding="UTF-8"?>
<!-- Generated by org.testng.reporters.JUnitReportReporter -->
<testsuite hostname="LAPTOP-GL6IC0TT" failures="0" tests="4" name="August19_testNG.TestNG_MultiTestcases_Parallel" time="39.064" errors="0" timestamp="2025-08-19T09:54:24 IST" skipped="0">
  <testcase classname="August19_testNG.TestNG_MultiTestcases_Parallel" name="testdragdrop" time="7.918"/>
  <testcase classname="August19_testNG.TestNG_MultiTestcases_Parallel" name="radiobuttons" time="6.352"/>
  <testcase classname="August19_testNG.TestNG_MultiTestcases_Parallel" name="testcheckbox" time="5.769"/>
  <testcase classname="August19_testNG.TestNG_MultiTestcases_Parallel" name="testalerts" time="19.025"/>
</testsuite> <!-- August19_testNG.TestNG_MultiTestcases_Parallel -->
