<?xml version="1.0" encoding="UTF-8"?>
<!-- Generated by org.testng.reporters.JUnitReportReporter -->
<testsuite hostname="LAPTOP-GL6IC0TT" failures="0" tests="3" name="LabSession_August17.Lab4TestNg" time="7.743" errors="0" timestamp="2025-08-19T09:23:29 IST" skipped="0">
  <testcase classname="LabSession_August17.Lab4TestNg" name="LaunchApp" time="3.557"/>
  <testcase classname="LabSession_August17.Lab4TestNg" name="SelectAndAddItem" time="2.162"/>
  <testcase classname="LabSession_August17.Lab4TestNg" name="MoveToAlert" time="2.024"/>
</testsuite> <!-- LabSession_August17.Lab4TestNg -->
