<?xml version="1.0" encoding="UTF-8"?>
<!-- Generated by org.testng.reporters.JUnitReportReporter -->
<testsuite hostname="LAPTOP-GL6IC0TT" failures="0" tests="4" name="Multiple_TestCases.NewTest" time="10.754" errors="0" timestamp="2025-08-17T00:19:02 IST" skipped="0">
  <testcase classname="Multiple_TestCases.NewTest" name="LaunchApp" time="7.304"/>
  <testcase classname="Multiple_TestCases.NewTest" name="Login" time="1.248"/>
  <testcase classname="Multiple_TestCases.NewTest" name="LogoVerify" time="1.901"/>
  <testcase classname="Multiple_TestCases.NewTest" name="Logout" time="0.301"/>
</testsuite> <!-- Multiple_TestCases.NewTest -->
