<?xml version="1.0" encoding="UTF-8"?>
<!-- Generated by org.testng.reporters.JUnitReportReporter -->
<testsuite hostname="LAPTOP-GL6IC0TT" failures="0" tests="1" name="August19_testNG.ExcelRead" time="12.966" errors="0" timestamp="2025-08-19T17:41:29 IST" skipped="0">
  <testcase classname="August19_testNG.ExcelRead" name="login" time="12.966"/>
</testsuite> <!-- August19_testNG.ExcelRead -->
