<?xml version="1.0" encoding="UTF-8"?>
<!-- Generated by org.testng.reporters.JUnitReportReporter -->
<testsuite hostname="LAPTOP-GL6IC0TT" failures="0" tests="2" name="LabSession_August17.Lab3" time="5.164" errors="0" timestamp="2025-08-19T09:23:29 IST" skipped="0">
  <testcase classname="LabSession_August17.Lab3" name="launchApp" time="3.506"/>
  <testcase classname="LabSession_August17.Lab3" name="ForValidCredentials" time="1.658"/>
</testsuite> <!-- LabSession_August17.Lab3 -->
