<?xml version="1.0" encoding="UTF-8"?>
<!-- Generated by org.testng.reporters.JUnitReportReporter -->
<testsuite hostname="LAPTOP-GL6IC0TT" failures="0" tests="2" name="LabSession_August19.Annotations" time="12.905" errors="0" timestamp="2025-08-20T10:46:05 IST" skipped="0">
  <testcase classname="LabSession_August19.Annotations" name="ValidLogin" time="8.683"/>
  <testcase classname="LabSession_August19.Annotations" name="InValidLogin" time="4.222"/>
</testsuite> <!-- LabSession_August19.Annotations -->
