<?xml version="1.0" encoding="UTF-8"?>
<!-- Generated by org.testng.reporters.JUnitReportReporter -->
<testsuite hostname="LAPTOP-GL6IC0TT" failures="0" tests="2" name="LabSession_August19.ListnerTestCase" time="9.451" errors="0" timestamp="2025-08-19T12:43:10 IST" skipped="0">
  <testcase classname="LabSession_August19.ListnerTestCase" name="ValidLogin" time="5.464"/>
  <testcase classname="LabSession_August19.ListnerTestCase" name="InValidLogin" time="3.987"/>
</testsuite> <!-- LabSession_August19.ListnerTestCase -->
