<?xml version="1.0" encoding="UTF-8"?>
<!-- Generated by org.testng.reporters.JUnitReportReporter -->
<testsuite hostname="LAPTOP-GL6IC0TT" failures="0" tests="3" name="August20.DataProviders" time="41.507" errors="0" timestamp="2025-08-25T09:41:45 IST" skipped="0">
  <testcase classname="August20.DataProviders" name="Login" time="28.638"/>
  <testcase classname="August20.DataProviders" name="Login" time="6.491"/>
  <testcase classname="August20.DataProviders" name="Login" time="6.378"/>
</testsuite> <!-- August20.DataProviders -->
