<?xml version="1.0" encoding="UTF-8"?>
<!-- Generated by org.testng.reporters.JUnitReportReporter -->
<testsuite hostname="LAPTOP-GL6IC0TT" failures="0" tests="3" name="August20.DataProviders" time="20.589" errors="0" timestamp="2025-08-20T09:35:21 IST" skipped="0">
  <testcase classname="August20.DataProviders" name="Login" time="7.378"/>
  <testcase classname="August20.DataProviders" name="Login" time="6.630"/>
  <testcase classname="August20.DataProviders" name="Login" time="6.581"/>
</testsuite> <!-- August20.DataProviders -->
