<?xml version="1.0" encoding="UTF-8"?>
<!-- Generated by org.testng.reporters.JUnitReportReporter -->
<testsuite hostname="LAPTOP-GL6IC0TT" failures="0" tests="2" name="August16_testNG.FirstTestNG" time="0.003" errors="0" timestamp="2025-08-17T13:30:43 IST" skipped="0">
  <testcase classname="August16_testNG.FirstTestNG" name="Logout" time="0.002"/>
  <testcase classname="August16_testNG.FirstTestNG" name="Login" time="0.001"/>
</testsuite> <!-- August16_testNG.FirstTestNG -->
