<?xml version="1.0" encoding="UTF-8"?>
<!-- Generated by org.testng.reporters.JUnitReportReporter -->
<testsuite hostname="LAPTOP-GL6IC0TT" failures="0" tests="5" name="LabSession_August17.Lab2" time="1.139" errors="0" timestamp="2025-08-18T16:09:46 IST" skipped="0">
  <testcase classname="LabSession_August17.Lab2" name="SelectTypeOfTrip" time="0.185"/>
  <testcase classname="LabSession_August17.Lab2" name="FlightType" time="0.180"/>
  <testcase classname="LabSession_August17.Lab2" name="FlyingFrom" time="0.155"/>
  <testcase classname="LabSession_August17.Lab2" name="FlyingTo" time="0.114"/>
  <testcase classname="LabSession_August17.Lab2" name="TripDate" time="0.505"/>
</testsuite> <!-- LabSession_August17.Lab2 -->
