<?xml version="1.0" encoding="UTF-8"?>
<!-- Generated by org.testng.reporters.JUnitReportReporter -->
<testsuite hostname="LAPTOP-GL6IC0TT" failures="0" tests="2" name="August20.Annotations" time="11.219" errors="0" timestamp="2025-08-23T10:54:40 IST" skipped="0">
  <testcase classname="August20.Annotations" name="ValidLogin" time="4.670"/>
  <testcase classname="August20.Annotations" name="InValidLogin" time="6.549"/>
</testsuite> <!-- August20.Annotations -->
