<?xml version="1.0" encoding="UTF-8"?>
<!-- Generated by org.testng.reporters.JUnitReportReporter -->
<testsuite hostname="LAPTOP-GL6IC0TT" failures="0" tests="2" name="LabSession_August19.AllInOne" time="10.307" errors="0" timestamp="2025-08-23T12:18:43 IST" skipped="0">
  <testcase classname="LabSession_August19.AllInOne" name="ValidLogin" time="6.059"/>
  <testcase classname="LabSession_August19.AllInOne" name="InValidLogin" time="4.248"/>
</testsuite> <!-- LabSession_August19.AllInOne -->
